[GIN-debug] [WARNING] Creating an Engine instance with the Logger and Recovery middleware already attached.

[GIN-debug] [WARNING] Running in "debug" mode. Switch to "release" mode in production.
 - using env:	export GIN_MODE=release
 - using code:	gin.SetMode(gin.ReleaseMode)

[GIN-debug] GET    /healthz                  --> seckill/internal/admin/controller.(*Handler).Healthz-fm (3 handlers)
[GIN-debug] POST   /admin/activity           --> seckill/internal/admin/controller.(*Handler).CreateActivity-fm (3 handlers)
[GIN-debug] GET    /admin/activity/list      --> seckill/internal/admin/controller.(*Handler).ListActivities-fm (3 handlers)
[GIN-debug] GET    /admin/activity/:id       --> seckill/internal/admin/controller.(*Handler).GetActivity-fm (3 handlers)
[GIN-debug] PUT    /admin/activity/:id       --> seckill/internal/admin/controller.(*Handler).UpdateActivity-fm (3 handlers)
[GIN-debug] DELETE /admin/activity/:id       --> seckill/internal/admin/controller.(*Handler).DeleteActivity-fm (3 handlers)
[GIN-debug] POST   /admin/activity/:id/stock/init --> seckill/internal/admin/controller.(*Handler).InitStock-fm (3 handlers)
[GIN-debug] POST   /admin/activity/:id/stock/incr --> seckill/internal/admin/controller.(*Handler).IncrStock-fm (3 handlers)
[GIN-debug] GET    /admin/activity/:id/stock --> seckill/internal/admin/controller.(*Handler).GetStock-fm (3 handlers)
[GIN-debug] POST   /admin/activity/:id/stop  --> seckill/internal/admin/controller.(*Handler).StopActivity-fm (3 handlers)
[GIN-debug] POST   /admin/activity/:id/start --> seckill/internal/admin/controller.(*Handler).StartActivity-fm (3 handlers)
proxy-service注册成功
2026/04/12 20:43:56 admin listening on :8082
[GIN-debug] [WARNING] You trusted all proxies, this is NOT safe. We recommend you to set a value.
Please check https://github.com/gin-gonic/gin/blob/master/docs/doc.md#dont-trust-all-proxies for details.
[GIN-debug] Listening and serving HTTP on :8082
[GIN] 2026/04/12 - 20:43:56 | 200 | 93.849µs |       127.0.0.1 | GET      "/healthz"
[GIN] 2026/04/12 - 20:43:57 | 200 |   8.12ms |       127.0.0.1 | POST     "/admin/activity"
[GIN] 2026/04/12 - 20:43:57 | 200 | 654.239µs |       127.0.0.1 | POST     "/admin/activity/1001/stock/init"
