2026/03/25 23:58:03 mysql-redis store enabled: redis=127.0.0.1:6379
2026/03/25 23:58:03 store selected: mysql-redis
[GIN-debug] [WARNING] Creating an Engine instance with the Logger and Recovery middleware already attached.

[GIN-debug] [WARNING] Running in "debug" mode. Switch to "release" mode in production.
 - using env:	export GIN_MODE=release
 - using code:	gin.SetMode(gin.ReleaseMode)

[GIN-debug] GET    /healthz                  --> seckill/internal/layer/controller.(*Handler).Healthz-fm (3 handlers)
[GIN-debug] POST   /internal/seckill         --> seckill/internal/layer/controller.(*Handler).Seckill-fm (3 handlers)
[GIN-debug] GET    /internal/stock           --> seckill/internal/layer/controller.(*Handler).Stock-fm (3 handlers)
[GIN-debug] POST   /internal/admin/init      --> seckill/internal/layer/controller.(*Handler).Init-fm (3 handlers)
[GIN-debug] GET    /internal/admin/activity  --> seckill/internal/layer/controller.(*Handler).GetActivity-fm (3 handlers)
[GIN-debug] POST   /internal/admin/activity  --> seckill/internal/layer/controller.(*Handler).UpdateActivity-fm (3 handlers)
[GIN-debug] GET    /internal/orders          --> seckill/internal/layer/controller.(*Handler).OrdersByUser-fm (3 handlers)
2026/03/25 23:58:03 layer listening on :8081
[GIN-debug] [WARNING] You trusted all proxies, this is NOT safe. We recommend you to set a value.
Please check https://github.com/gin-gonic/gin/blob/master/docs/doc.md#dont-trust-all-proxies for details.
[GIN-debug] Listening and serving HTTP on :8081
[GIN] 2026/03/25 - 23:58:03 | 200 | 80.121µs |       127.0.0.1 | GET      "/healthz"
[GIN] 2026/03/25 - 23:58:14 | 409 |  10.89ms |       127.0.0.1 | POST     "/internal/seckill"
[GIN] 2026/03/25 - 23:58:31 | 200 |  14.62ms |       127.0.0.1 | GET      "/internal/orders?user_id=u100"
